<?xml version="1.0" encoding="UTF-8"?>
<testsuite name="com.Test.ExampleUnitTest" tests="1" skipped="0" failures="0" errors="0" timestamp="2024-09-11T10:17:12" hostname="FCIs-MacBook-Pro.local" time="0.003">
  <properties/>
  <testcase name="addition_isCorrect" classname="com.Test.ExampleUnitTest" time="0.003"/>
  <system-out><![CDATA[]]></system-out>
  <system-err><![CDATA[]]></system-err>
</testsuite>
